[2016-11-25 16:59:54] START
[2016-11-25 18:01:39] EDIT online/controllers/default.py: 34
[2016-11-25 18:01:57] EDIT online/views/default/index.html: 1
[2016-11-25 18:03:04] EDIT online/models/db.py: 27
[2016-11-25 18:04:20] EDIT online/views/default/index.html: 0
[2016-11-25 18:04:24] EDIT online/views/default/index.html: 0
[2016-11-25 18:05:21] EDIT online/views/default/index.html: 0
[2016-11-25 18:07:50] EDIT online/views/default/index.html: 0
[2016-11-25 18:49:47] EDIT online/views/default/index.html: 0
[2016-11-25 18:50:02] EDIT online/views/default/index.html: 0
[2016-11-25 18:53:31] EDIT online/views/default/index.html: 2
[2016-11-25 18:57:15] EDIT online/views/default/index.html: 2
[2016-11-25 18:59:59] EDIT online/views/default/index.html: 11
[2016-11-25 19:04:54] EDIT online/views/default/index.html: 26
[2016-11-25 19:05:30] EDIT online/views/default/index.html: 0
[2016-11-25 19:10:40] EDIT online/views/default/index.html: -15
[2016-11-25 19:11:26] EDIT online/views/default/index.html: -1
[2016-11-25 19:19:40] EDIT online/views/default/index.html: 1
[2016-11-25 19:27:32] EDIT online/views/default/index.html: 1
[2016-11-25 19:28:07] EDIT online/views/default/index.html: -1
[2016-11-25 19:33:42] EDIT online/views/default/index.html: -18
[2016-11-25 19:34:49] EDIT online/views/default/index.html: 1
[2016-11-25 19:34:57] EDIT online/views/default/index.html: 1
[2016-11-25 19:35:20] EDIT online/views/default/index.html: 0
[2016-11-25 19:37:29] EDIT online/views/default/index.html: 0
[2016-11-25 19:38:27] EDIT online/controllers/default.py: 1
[2016-11-25 19:38:30] EDIT online/controllers/default.py: 0
[2016-11-25 19:39:16] EDIT online/models/db.py: 0
[2016-11-25 19:39:34] EDIT online/models/db.py: 0
[2016-11-25 19:50:03] EDIT online/views/default/index.html: 0
[2016-11-25 19:50:41] EDIT online/views/default/index.html: 0
[2016-11-25 19:51:38] EDIT online/views/default/index.html: 1
[2016-11-25 19:52:28] EDIT online/views/default/index.html: 9
[2016-11-25 21:02:01] EDIT online/controllers/default.py: 25
[2016-11-25 21:02:13] EDIT online/controllers/default.py: -1
[2016-11-25 21:02:22] EDIT online/controllers/default.py: -1
[2016-11-25 21:02:47] EDIT online/controllers/default.py: -1
[2016-11-25 21:14:31] EDIT online/controllers/default.py: -22
[2016-11-25 21:19:02] EDIT online/models/db.py: 0
[2016-11-25 21:20:37] EDIT online/controllers/default.py: 1
[2016-11-25 21:25:34] EDIT online/controllers/default.py: -1
[2016-11-25 21:35:13] EDIT online/controllers/default.py: 0
[2016-11-25 21:41:17] EDIT online/controllers/default.py: 1
[2016-11-25 21:45:54] EDIT online/controllers/default.py: 3
[2016-11-25 21:48:05] EDIT online/controllers/default.py: -3
[2016-11-25 21:48:43] EDIT online/controllers/default.py: -1
[2016-11-25 21:48:45] EDIT online/controllers/default.py: 0
[2016-11-25 21:59:22] EDIT online/controllers/default.py: -1
[2016-11-25 22:01:08] EDIT online/controllers/default.py: 0
[2016-11-25 22:07:42] EDIT online/views/default/index.html: 17
[2016-11-25 22:10:32] EDIT online/views/default/index.html: -51
[2016-11-25 22:12:02] EDIT online/views/default/index.html: 0
[2016-11-25 22:20:40] EDIT online/views/default/user.html: 44
[2016-11-25 22:22:13] EDIT online/views/default/user.html: -1
[2016-11-25 22:22:44] EDIT online/views/default/user.html: 0
[2016-11-25 22:23:49] CREATE default/sh.html: 0
[2016-11-25 22:25:53] EDIT online/views/default/sh.html: 60
[2016-11-25 22:27:30] EDIT online/views/default/sh.html: 1
[2016-11-25 22:28:04] CREATE default/share_request.html: 0
[2016-11-25 22:28:45] EDIT online/views/default/share_request.html: 61
[2016-11-25 22:28:47] EDIT online/views/default/share_request.html: 0
[2016-11-25 22:32:35] EDIT online/views/default/index.html: 0
[2016-11-25 22:36:04] EDIT online/views/default/index.html: 0
[2016-11-26 00:02:58] EDIT online/views/default/index.html: 1
[2016-11-26 00:03:08] EDIT online/views/default/user.html: 1
[2016-11-26 00:03:42] EDIT online/views/default/index.html: -1
[2016-11-26 00:03:45] EDIT online/views/default/user.html: -1
[2016-11-26 00:09:11] EDIT online/views/layout.html: 0
[2016-11-26 00:09:49] EDIT online/views/default/user.html: 1
[2016-11-26 00:12:07] EDIT online/views/default/index.html: 0
[2016-11-26 00:15:33] EDIT online/views/layout.html: 0
[2016-11-26 00:15:37] EDIT online/views/default/user.html: -1
[2016-11-26 00:15:41] EDIT online/views/default/index.html: 0
[2016-11-26 00:15:56] EDIT online/views/default/index.html: 0
[2016-11-26 00:18:40] CREATE layout1.html: 0
[2016-11-26 00:20:30] EDIT online/views/layout1.html: 100
[2016-11-26 00:59:53] EDIT online/views/default/user.html: 1
[2016-11-26 01:00:42] EDIT online/views/default/user.html: 0
[2016-11-26 01:02:25] EDIT online/views/default/user.html: -44
[2016-11-26 01:03:54] EDIT online/views/default/user.html: 11
[2016-11-26 01:06:01] EDIT online/views/default/index.html: -2
[2016-11-26 01:06:37] EDIT online/views/layout1.html: 24
[2016-11-26 01:07:11] EDIT online/views/layout1.html: -18
[2016-11-26 01:07:19] EDIT online/views/default/index.html: 0
[2016-11-26 01:07:52] EDIT online/views/layout1.html: -12
[2016-11-26 01:10:15] EDIT online/controllers/default.py: 0
[2016-11-26 01:11:50] EDIT online/controllers/default.py: 1
[2016-11-26 01:12:43] EDIT online/controllers/default.py: 0
[2016-11-26 01:14:41] EDIT online/views/default/index.html: 0
[2016-11-26 01:18:41] EDIT online/views/default/index.html: 0
[2016-11-26 01:34:27] EDIT online/views/default/user.html: 0
[2016-11-26 01:34:47] EDIT online/views/default/index.html: 0
[2016-11-26 01:34:51] EDIT online/views/default/user.html: -1
[2016-11-26 01:35:03] EDIT online/views/default/user.html: 1
[2016-11-26 01:35:12] EDIT online/views/default/user.html: 0
[2016-11-26 01:35:17] EDIT online/views/default/index.html: 0
[2016-11-26 01:36:23] EDIT online/views/default/index.html: 0
[2016-11-26 01:36:25] EDIT online/views/default/index.html: 0
[2016-11-26 01:37:42] EDIT online/views/default/index.html: -16
[2016-11-26 09:16:01] EDIT online/views/default/index.html: -1
[2016-11-26 09:22:24] EDIT online/views/default/index.html: -11
[2016-11-26 10:06:44] EDIT online/views/default/index.html: 0
[2016-11-26 10:07:06] EDIT online/views/default/index.html: 0
[2016-11-26 10:09:28] EDIT online/static/css/styles.css: 0
[2016-11-26 10:13:55] EDIT online/views/default/index.html: -1
[2016-11-26 10:14:26] EDIT online/views/default/index.html: 0
[2016-11-26 10:17:12] EDIT online/views/default/index.html: -17
[2016-11-26 10:17:56] EDIT online/views/layout1.html: 0
[2016-11-26 10:18:21] EDIT online/views/layout1.html: -2
[2016-11-26 10:18:41] EDIT online/views/layout1.html: 2
[2016-11-26 10:20:14] EDIT online/static/css/styles.css: 0
[2016-11-26 10:26:14] EDIT online/views/default/index.html: -14
[2016-11-26 10:27:45] EDIT online/views/default/index.html: 0
[2016-11-26 10:28:42] EDIT online/views/default/index.html: -14
[2016-11-26 10:29:59] EDIT online/views/default/index.html: 14
[2016-11-26 10:30:29] EDIT online/views/default/index.html: -14
[2016-11-26 10:30:53] EDIT online/views/default/index.html: 2
[2016-11-26 10:35:28] EDIT online/views/default/index.html: -2
[2016-11-26 10:36:04] EDIT online/views/default/index.html: 2
[2016-11-26 10:37:58] EDIT online/views/default/index.html: 16
[2016-11-26 11:05:55] EDIT online/views/default/index.html: 0
[2016-11-26 11:07:39] EDIT online/views/default/index.html: -16
[2016-11-26 11:12:11] EDIT online/views/default/index.html: 2
[2016-11-26 11:14:01] EDIT online/views/default/index.html: -3
[2016-11-26 11:15:55] EDIT online/views/default/index.html: 10
[2016-11-26 11:18:22] EDIT online/views/default/index.html: 17
[2016-11-26 11:19:07] EDIT online/views/default/index.html: -29
[2016-11-26 11:19:16] EDIT online/views/default/index.html: 0
[2016-11-26 11:21:33] EDIT online/views/default/index.html: -1
[2016-11-26 11:22:49] EDIT online/views/default/index.html: 2
[2016-11-26 11:24:40] EDIT online/views/default/index.html: 4
[2016-11-26 11:26:54] EDIT online/views/default/index.html: -1
[2016-11-26 11:30:50] EDIT online/static/css/styles.css: -1
[2016-11-26 11:31:11] EDIT online/static/css/styles.css: 0
[2016-11-26 11:31:43] EDIT online/views/default/index.html: -42
[2016-11-26 11:32:07] EDIT online/views/default/index.html: 1
[2016-11-26 11:33:05] EDIT online/views/default/index.html: 0
[2016-11-26 11:40:04] EDIT online/static/css/styles.css: -1
[2016-11-26 11:42:25] EDIT online/views/default/index.html: -4
[2016-11-26 11:56:25] EDIT online/views/default/sh.html: 0
[2016-11-26 11:56:41] EDIT online/views/default/share_request.html: 0
[2016-11-26 12:01:01] EDIT online/controllers/default.py: 3
[2016-11-26 12:04:10] EDIT online/views/default/index.html: 0
[2016-11-26 12:04:38] EDIT online/views/default/index.html: 0
[2016-11-26 12:05:10] EDIT online/views/default/index.html: 0
[2016-11-26 12:05:25] EDIT online/views/default/index.html: 0
[2016-11-26 12:06:10] EDIT online/views/default/index.html: 0
[2016-11-26 12:06:53] EDIT online/views/default/index.html: 0
[2016-11-26 12:09:43] EDIT online/views/default/index.html: -1
[2016-11-26 12:12:21] EDIT online/static/css/bootstrap.min.css: 0
[2016-11-26 12:14:28] EDIT online/views/default/index.html: -1
[2016-11-26 12:14:36] EDIT online/views/default/index.html: 0
[2016-11-26 12:16:19] EDIT online/views/default/index.html: 0
[2016-11-26 12:17:02] EDIT online/views/default/index.html: 0
[2016-11-26 12:21:47] EDIT online/controllers/default.py: 3
[2016-11-26 12:23:47] EDIT online/static/css/styles.css: 0
[2016-11-26 12:24:15] EDIT online/static/css/styles.css: 0
[2016-11-26 12:24:25] EDIT online/static/css/styles.css: 0
