timestamp: 2016-11-25T17:02:10.359000
CREATE TABLE auth_user(
    id INTEGER PRIMARY KEY AUTOINCREMENT,
    first_name CHAR(128),
    last_name CHAR(128),
    email CHAR(512),
    password CHAR(512),
    registration_key CHAR(512),
    reset_password_key CHAR(512),
    registration_id CHAR(512)
);
success!
timestamp: 2016-11-25T17:02:10.518000
CREATE TABLE auth_group(
    id INTEGER PRIMARY KEY AUTOINCREMENT,
    role CHAR(512),
    description TEXT
);
success!
timestamp: 2016-11-25T17:02:10.726000
CREATE TABLE auth_membership(
    id INTEGER PRIMARY KEY AUTOINCREMENT,
    user_id INTEGER REFERENCES auth_user (id) ON DELETE CASCADE  ,
    group_id INTEGER REFERENCES auth_group (id) ON DELETE CASCADE  
);
success!
timestamp: 2016-11-25T17:02:10.878000
CREATE TABLE auth_permission(
    id INTEGER PRIMARY KEY AUTOINCREMENT,
    group_id INTEGER REFERENCES auth_group (id) ON DELETE CASCADE  ,
    name CHAR(512),
    table_name CHAR(512),
    record_id INTEGER
);
success!
timestamp: 2016-11-25T17:02:11.042000
CREATE TABLE auth_event(
    id INTEGER PRIMARY KEY AUTOINCREMENT,
    time_stamp TIMESTAMP,
    client_ip CHAR(512),
    user_id INTEGER REFERENCES auth_user (id) ON DELETE CASCADE  ,
    origin CHAR(512),
    description TEXT
);
success!
timestamp: 2016-11-25T17:02:11.297000
CREATE TABLE auth_cas(
    id INTEGER PRIMARY KEY AUTOINCREMENT,
    user_id INTEGER REFERENCES auth_user (id) ON DELETE CASCADE  ,
    created_on TIMESTAMP,
    service CHAR(512),
    ticket CHAR(512),
    renew CHAR(1)
);
success!
timestamp: 2016-11-25T18:03:08.588000
CREATE TABLE D(
    id INTEGER PRIMARY KEY AUTOINCREMENT,
    D_ID CHAR(512),
    U_ID CHAR(512),
    C_Date DATE,
    Importance CHAR(512),
    Doc CHAR(512)
);
success!
timestamp: 2016-11-25T18:03:08.760000
CREATE TABLE Reminder(
    id INTEGER PRIMARY KEY AUTOINCREMENT,
    D_ID CHAR(512),
    R_ID INTEGER,
    U_ID CHAR(512),
    R_Text CHAR(512),
    C_Date DATE,
    Importance CHAR(512)
);
success!
timestamp: 2016-11-25T18:03:08.954000
CREATE TABLE De(
    id INTEGER PRIMARY KEY AUTOINCREMENT,
    F_ID CHAR(512),
    D_ID CHAR(512)
);
success!
timestamp: 2016-11-25T18:03:09.094000
CREATE TABLE S(
    id INTEGER PRIMARY KEY AUTOINCREMENT,
    S_ID CHAR(512)
);
success!
timestamp: 2016-11-25T18:03:09.218000
CREATE TABLE Sha(
    id INTEGER PRIMARY KEY AUTOINCREMENT,
    S_ID CHAR(512),
    D_ID CHAR(512),
    R_ID CHAR(512)
);
success!
